This is pdfTeX, Version 3.14159265-2.6-1.40.18 (TeX Live 2017/Debian) (preloaded format=pdflatex 2019.4.6)  21 SEP 2020 12:14
entering extended mode
 restricted \write18 enabled.
 %&-line parsing enabled.
**pl.tex
(./pl.tex
LaTeX2e <2017-04-15>
Babel <3.18> and hyphenation patterns for 84 language(s) loaded.
(/usr/share/texlive/texmf-dist/tex/latex/base/article.cls
Document Class: article 2014/09/29 v1.4h Standard LaTeX document class
(/usr/share/texlive/texmf-dist/tex/latex/base/size11.clo
File: size11.clo 2014/09/29 v1.4h Standard LaTeX file (size option)
)
\c@part=\count79
\c@section=\count80
\c@subsection=\count81
\c@subsubsection=\count82
\c@paragraph=\count83
\c@subparagraph=\count84
\c@figure=\count85
\c@table=\count86
\abovecaptionskip=\skip41
\belowcaptionskip=\skip42
\bibindent=\dimen102
)
(/usr/share/texlive/texmf-dist/tex/latex/graphics/graphicx.sty
Package: graphicx 2017/06/01 v1.1a Enhanced LaTeX Graphics (DPC,SPQR)

(/usr/share/texlive/texmf-dist/tex/latex/graphics/keyval.sty
Package: keyval 2014/10/28 v1.15 key=value parser (DPC)
\KV@toks@=\toks14
)
(/usr/share/texlive/texmf-dist/tex/latex/graphics/graphics.sty
Package: graphics 2017/06/25 v1.2c Standard LaTeX Graphics (DPC,SPQR)

(/usr/share/texlive/texmf-dist/tex/latex/graphics/trig.sty
Package: trig 2016/01/03 v1.10 sin cos tan (DPC)
)
(/usr/share/texlive/texmf-dist/tex/latex/graphics-cfg/graphics.cfg
File: graphics.cfg 2016/06/04 v1.11 sample graphics configuration
)
Package graphics Info: Driver file: pdftex.def on input line 99.

(/usr/share/texlive/texmf-dist/tex/latex/graphics-def/pdftex.def
File: pdftex.def 2018/01/08 v1.0l Graphics/color driver for pdftex
))
\Gin@req@height=\dimen103
\Gin@req@width=\dimen104
)
(/usr/share/texlive/texmf-dist/tex/latex/import/import.sty
Package: import 2009/03/23  v 5.1
)
(/usr/share/texlive/texmf-dist/tex/latex/amsmath/amsmath.sty
Package: amsmath 2017/09/02 v2.17a AMS math features
\@mathmargin=\skip43

For additional information on amsmath, use the `?' option.
(/usr/share/texlive/texmf-dist/tex/latex/amsmath/amstext.sty
Package: amstext 2000/06/29 v2.01 AMS text

(/usr/share/texlive/texmf-dist/tex/latex/amsmath/amsgen.sty
File: amsgen.sty 1999/11/30 v2.0 generic functions
\@emptytoks=\toks15
\ex@=\dimen105
))
(/usr/share/texlive/texmf-dist/tex/latex/amsmath/amsbsy.sty
Package: amsbsy 1999/11/29 v1.2d Bold Symbols
\pmbraise@=\dimen106
)
(/usr/share/texlive/texmf-dist/tex/latex/amsmath/amsopn.sty
Package: amsopn 2016/03/08 v2.02 operator names
)
\inf@bad=\count87
LaTeX Info: Redefining \frac on input line 213.
\uproot@=\count88
\leftroot@=\count89
LaTeX Info: Redefining \overline on input line 375.
\classnum@=\count90
\DOTSCASE@=\count91
LaTeX Info: Redefining \ldots on input line 472.
LaTeX Info: Redefining \dots on input line 475.
LaTeX Info: Redefining \cdots on input line 596.
\Mathstrutbox@=\box26
\strutbox@=\box27
\big@size=\dimen107
LaTeX Font Info:    Redeclaring font encoding OML on input line 712.
LaTeX Font Info:    Redeclaring font encoding OMS on input line 713.
\macc@depth=\count92
\c@MaxMatrixCols=\count93
\dotsspace@=\muskip10
\c@parentequation=\count94
\dspbrk@lvl=\count95
\tag@help=\toks16
\row@=\count96
\column@=\count97
\maxfields@=\count98
\andhelp@=\toks17
\eqnshift@=\dimen108
\alignsep@=\dimen109
\tagshift@=\dimen110
\tagwidth@=\dimen111
\totwidth@=\dimen112
\lineht@=\dimen113
\@envbody=\toks18
\multlinegap=\skip44
\multlinetaggap=\skip45
\mathdisplay@stack=\toks19
LaTeX Info: Redefining \[ on input line 2817.
LaTeX Info: Redefining \] on input line 2818.
)
(/usr/share/texlive/texmf-dist/tex/latex/setspace/setspace.sty
Package: setspace 2011/12/19 v6.7a set line spacing
)
(/usr/share/texlive/texmf-dist/tex/latex/graphics/color.sty
Package: color 2016/07/10 v1.1e Standard LaTeX Color (DPC)

(/usr/share/texlive/texmf-dist/tex/latex/graphics-cfg/color.cfg
File: color.cfg 2016/01/02 v1.6 sample color configuration
)
Package color Info: Driver file: pdftex.def on input line 147.
)
(/usr/share/texlive/texmf-dist/tex/latex/float/float.sty
Package: float 2001/11/08 v1.3d Float enhancements (AL)
\c@float@type=\count99
\float@exts=\toks20
\float@box=\box28
\@float@everytoks=\toks21
\@floatcapt=\box29
)
(/usr/share/texlive/texmf-dist/tex/latex/svg/svg.sty
Package: svg 2017/11/29 v2.01 (include SVG pictures)

(/usr/share/texlive/texmf-dist/tex/latex/koma-script/scrbase.sty
Package: scrbase 2017/09/07 v3.24 KOMA-Script package (KOMA-Script-independent 
basics and keyval usage)

(/usr/share/texlive/texmf-dist/tex/latex/koma-script/scrlfile.sty
Package: scrlfile 2017/09/07 v3.24 KOMA-Script package (loading files)
))
(/usr/share/texlive/texmf-dist/tex/generic/ifxetex/ifxetex.sty
Package: ifxetex 2010/09/12 v0.6 Provides ifxetex conditional
)
(/usr/share/texlive/texmf-dist/tex/generic/oberdiek/ifluatex.sty
Package: ifluatex 2016/05/16 v1.4 Provides the ifluatex switch (HO)
Package ifluatex Info: LuaTeX not detected.
)
(/usr/share/texlive/texmf-dist/tex/generic/oberdiek/ifpdf.sty
Package: ifpdf 2017/03/15 v3.2 Provides the ifpdf switch
)
(/usr/share/texlive/texmf-dist/tex/generic/oberdiek/pdftexcmds.sty
Package: pdftexcmds 2018/01/21 v0.26 Utility functions of pdfTeX for LuaTeX (HO
)

(/usr/share/texlive/texmf-dist/tex/generic/oberdiek/infwarerr.sty
Package: infwarerr 2016/05/16 v1.4 Providing info/warning/error messages (HO)
)
(/usr/share/texlive/texmf-dist/tex/generic/oberdiek/ltxcmds.sty
Package: ltxcmds 2016/05/16 v1.23 LaTeX kernel commands for general use (HO)
)
Package pdftexcmds Info: LuaTeX not detected.
Package pdftexcmds Info: \pdf@primitive is available.
Package pdftexcmds Info: \pdf@ifprimitive is available.
Package pdftexcmds Info: \pdfdraftmode found.
)
(/usr/share/texlive/texmf-dist/tex/latex/tools/shellesc.sty
Package: shellesc 2016/06/07 v0.02a unified shell escape interface for LaTeX
Package shellesc Info: Restricted shell escape enabled on input line 69.
)
\c@svg@param@lastpage=\count100
\c@svg@param@currpage=\count101
)
(/usr/share/texlive/texmf-dist/tex/latex/xcolor/xcolor.sty
Package: xcolor 2016/05/11 v2.12 LaTeX color extensions (UK)

(/usr/share/texlive/texmf-dist/tex/latex/graphics-cfg/color.cfg
File: color.cfg 2016/01/02 v1.6 sample color configuration
)
Package xcolor Info: Driver file: pdftex.def on input line 225.
LaTeX Info: Redefining \color on input line 709.
Package xcolor Info: Model `cmy' substituted by `cmy0' on input line 1348.
Package xcolor Info: Model `hsb' substituted by `rgb' on input line 1352.
Package xcolor Info: Model `RGB' extended on input line 1364.
Package xcolor Info: Model `HTML' substituted by `rgb' on input line 1366.
Package xcolor Info: Model `Hsb' substituted by `hsb' on input line 1367.
Package xcolor Info: Model `tHsb' substituted by `hsb' on input line 1368.
Package xcolor Info: Model `HSB' substituted by `hsb' on input line 1369.
Package xcolor Info: Model `Gray' substituted by `gray' on input line 1370.
Package xcolor Info: Model `wave' substituted by `hsb' on input line 1371.
)
(/usr/share/texlive/texmf-dist/tex/latex/oberdiek/transparent.sty
Package: transparent 2016/05/16 v1.1 Transparency via pdfTeX's color stack (HO)


(/usr/share/texlive/texmf-dist/tex/latex/oberdiek/auxhook.sty
Package: auxhook 2016/05/16 v1.4 Hooks for auxiliary files (HO)
)) (./pl.aux)
\openout1 = `pl.aux'.

LaTeX Font Info:    Checking defaults for OML/cmm/m/it on input line 17.
LaTeX Font Info:    ... okay on input line 17.
LaTeX Font Info:    Checking defaults for T1/cmr/m/n on input line 17.
LaTeX Font Info:    ... okay on input line 17.
LaTeX Font Info:    Checking defaults for OT1/cmr/m/n on input line 17.
LaTeX Font Info:    ... okay on input line 17.
LaTeX Font Info:    Checking defaults for OMS/cmsy/m/n on input line 17.
LaTeX Font Info:    ... okay on input line 17.
LaTeX Font Info:    Checking defaults for OMX/cmex/m/n on input line 17.
LaTeX Font Info:    ... okay on input line 17.
LaTeX Font Info:    Checking defaults for U/cmr/m/n on input line 17.
LaTeX Font Info:    ... okay on input line 17.

(/usr/share/texlive/texmf-dist/tex/context/base/mkii/supp-pdf.mkii
[Loading MPS to PDF converter (version 2006.09.02).]
\scratchcounter=\count102
\scratchdimen=\dimen114
\scratchbox=\box30
\nofMPsegments=\count103
\nofMParguments=\count104
\everyMPshowfont=\toks22
\MPscratchCnt=\count105
\MPscratchDim=\dimen115
\MPnumerator=\count106
\makeMPintoPDFobject=\count107
\everyMPtoPDFconversion=\toks23
) (/usr/share/texlive/texmf-dist/tex/latex/oberdiek/epstopdf-base.sty
Package: epstopdf-base 2016/05/15 v2.6 Base part for package epstopdf

(/usr/share/texlive/texmf-dist/tex/latex/oberdiek/grfext.sty
Package: grfext 2016/05/16 v1.2 Manage graphics extensions (HO)

(/usr/share/texlive/texmf-dist/tex/generic/oberdiek/kvdefinekeys.sty
Package: kvdefinekeys 2016/05/16 v1.4 Define keys (HO)
))
(/usr/share/texlive/texmf-dist/tex/latex/oberdiek/kvoptions.sty
Package: kvoptions 2016/05/16 v3.12 Key value format for package options (HO)

(/usr/share/texlive/texmf-dist/tex/generic/oberdiek/kvsetkeys.sty
Package: kvsetkeys 2016/05/16 v1.17 Key value parser (HO)

(/usr/share/texlive/texmf-dist/tex/generic/oberdiek/etexcmds.sty
Package: etexcmds 2016/05/16 v1.6 Avoid name clashes with e-TeX commands (HO)
Package etexcmds Info: Could not find \expanded.
(etexcmds)             That can mean that you are not using pdfTeX 1.50 or
(etexcmds)             that some package has redefined \expanded.
(etexcmds)             In the latter case, load this package earlier.
)))
Package epstopdf-base Info: Redefining graphics rule for `.eps' on input line 4
38.
Package grfext Info: Graphics extension search list:
(grfext)             [.pdf,.png,.jpg,.mps,.jpeg,.jbig2,.jb2,.PDF,.PNG,.JPG,.JPE
G,.JBIG2,.JB2,.eps]
(grfext)             \AppendGraphicsExtensions on input line 456.

(/usr/share/texlive/texmf-dist/tex/latex/latexconfig/epstopdf-sys.cfg
File: epstopdf-sys.cfg 2010/07/13 v1.3 Configuration of (r)epstopdf for TeX Liv
e
))
Underfull \hbox (badness 10000) in paragraph at lines 20--21

 []

[1

{/var/lib/texmf/fonts/map/pdftex/updmap/pdftex.map}]
<table.png, id=11, 938.50626pt x 571.13374pt>
File: table.png Graphic file (type png)
<use table.png>
Package pdftex.def Info: table.png  used on input line 32.
(pdftex.def)             Requested size: 426.79189pt x 284.52911pt.

Overfull \hbox (66.79189pt too wide) in paragraph at lines 31--34
[]
 []

[2] [3 <./table.png>]
<./svg-inkscape/centralregional_svg-raw.pdf, id=18, 145.74484pt x 85.50012pt>
File: ./svg-inkscape/centralregional_svg-raw.pdf Graphic file (type pdf)
<use ./svg-inkscape/centralregional_svg-raw.pdf>
Package pdftex.def Info: ./svg-inkscape/centralregional_svg-raw.pdf  used on in
put line 55.
(pdftex.def)             Requested size: 145.74448pt x 85.4999pt.

Overfull \hbox (105.01205pt too wide) in paragraph at lines 53--56
 []|  [] 
 []

<./svg-inkscape/primarysecondary_svg-raw.pdf, id=19, 191.30682pt x 81.98657pt>
File: ./svg-inkscape/primarysecondary_svg-raw.pdf Graphic file (type pdf)
<use ./svg-inkscape/primarysecondary_svg-raw.pdf>
Package pdftex.def Info: ./svg-inkscape/primarysecondary_svg-raw.pdf  used on i
nput line 60.
(pdftex.def)             Requested size: 191.30634pt x 81.98636pt.

Overfull \hbox (104.95767pt too wide) in paragraph at lines 59--61
[]|  [] 
 []

[4] [5 <./svg-inkscape/centralregional_svg-raw.pdf>]
<./svg-inkscape/primarysensor_svg-raw.pdf, id=34, 96.70013pt x 55.00874pt>
File: ./svg-inkscape/primarysensor_svg-raw.pdf Graphic file (type pdf)
<use ./svg-inkscape/primarysensor_svg-raw.pdf>
Package pdftex.def Info: ./svg-inkscape/primarysensor_svg-raw.pdf  used on inpu
t line 66.
(pdftex.def)             Requested size: 96.69989pt x 55.00859pt.

Overfull \hbox (104.86252pt too wide) in paragraph at lines 65--67
[]|  [] 
 []


Overfull \hbox (11.175pt too wide) in paragraph at lines 63--68
\OT1/cmr/m/n/10.95 while Fig-ure 2 shows the con-nec-tion be-tween Re-gional an
d Pri-mary/Secondary.
 []


Underfull \hbox (badness 10000) in paragraph at lines 63--68

 []

[6 <./svg-inkscape/primarysecondary_svg-raw.pdf>]
<./svg-inkscape/structural_scheme_wan_svg-raw.pdf, id=46, 506.05199pt x 157.444
12pt>
File: ./svg-inkscape/structural_scheme_wan_svg-raw.pdf Graphic file (type pdf)
<use ./svg-inkscape/structural_scheme_wan_svg-raw.pdf>
Package pdftex.def Info: ./svg-inkscape/structural_scheme_wan_svg-raw.pdf  used
 on input line 75.
(pdftex.def)             Requested size: 506.05075pt x 157.44373pt.

Overfull \hbox (104.84183pt too wide) in paragraph at lines 74--76
[]|  [] 
 []


Overfull \hbox (23.00418pt too wide) in paragraph at lines 69--77
[]\OT1/cmr/m/n/10.95 Instead in fig-ure 3, which dis-plays the con-nec-tion be-
tween Pri-mary/Secondary
 []

[7 <./svg-inkscape/primarysensor_svg-raw.pdf>]
LaTeX Font Info:    Try loading font information for OMS+cmr on input line 83.

(/usr/share/texlive/texmf-dist/tex/latex/base/omscmr.fd
File: omscmr.fd 2014/09/29 v2.5h Standard LaTeX font definitions
)
LaTeX Font Info:    Font shape `OMS/cmr/m/n' in size <10.95> not available
(Font)              Font shape `OMS/cmsy/m/n' tried instead on input line 83.
 [8 <./svg-inkscape/structural_scheme_wan_svg-raw.pdf>] [9]
Underfull \hbox (badness 10000) in paragraph at lines 115--116

 []

<./svg-inkscape/queue_network_centralregional_svg-raw.pdf, id=76, 281.3097pt x 
86.71501pt>
File: ./svg-inkscape/queue_network_centralregional_svg-raw.pdf Graphic file (ty
pe pdf)
<use ./svg-inkscape/queue_network_centralregional_svg-raw.pdf>
Package pdftex.def Info: ./svg-inkscape/queue_network_centralregional_svg-raw.p
df  used on input line 119.
(pdftex.def)             Requested size: 281.309pt x 86.71478pt.

Overfull \hbox (104.90805pt too wide) in paragraph at lines 118--120
[]|  [] 
 []

<./svg-inkscape/queue_network_primarysensor_svg-raw.pdf, id=77, 227.3792pt x 13
0.02365pt>
File: ./svg-inkscape/queue_network_primarysensor_svg-raw.pdf Graphic file (type
 pdf)
<use ./svg-inkscape/queue_network_primarysensor_svg-raw.pdf>
Package pdftex.def Info: ./svg-inkscape/queue_network_primarysensor_svg-raw.pdf
  used on input line 124.
(pdftex.def)             Requested size: 227.37863pt x 130.02333pt.

Overfull \hbox (104.79965pt too wide) in paragraph at lines 123--125
[]|  [] 
 []

[10 <./svg-inkscape/queue_network_centralregional_svg-raw.pdf>]
Underfull \hbox (badness 10000) in paragraph at lines 131--132

 []


Underfull \hbox (badness 10000) in paragraph at lines 134--141

 []

[11 <./svg-inkscape/queue_network_primarysensor_svg-raw.pdf>] [12] [13]
[14]
Underfull \hbox (badness 10000) in paragraph at lines 233--235

 []

[15]
Underfull \hbox (badness 10000) in paragraph at lines 262--263

 []

[16] [17] [18] [19] [20]
<./svg-inkscape/queue_network_wan_svg-raw.pdf, id=132, 543.27055pt x 523.07683p
t>
File: ./svg-inkscape/queue_network_wan_svg-raw.pdf Graphic file (type pdf)
<use ./svg-inkscape/queue_network_wan_svg-raw.pdf>
Package pdftex.def Info: ./svg-inkscape/queue_network_wan_svg-raw.pdf  used on 
input line 402.
(pdftex.def)             Requested size: 543.26923pt x 523.07555pt.

Overfull \hbox (104.81035pt too wide) in paragraph at lines 401--403
[]|  [] 
 []

[21]
Overfull \vbox (20.92128pt too high) has occurred while \output is active []


[22 <./svg-inkscape/queue_network_wan_svg-raw.pdf>] (./pl.aux) ) 
Here is how much of TeX's memory you used:
 3441 strings out of 492982
 52038 string characters out of 6134897
 138610 words of memory out of 5000000
 6931 multiletter control sequences out of 15000+600000
 9709 words of font info for 35 fonts, out of 8000000 for 9000
 1141 hyphenation exceptions out of 8191
 48i,11n,53p,972b,326s stack positions out of 5000i,500n,10000p,200000b,80000s
</usr/share/tex
live/texmf-dist/fonts/type1/public/amsfonts/cm/cmbx10.pfb></usr/share/texlive/t
exmf-dist/fonts/type1/public/amsfonts/cm/cmbx12.pfb></usr/share/texlive/texmf-d
ist/fonts/type1/public/amsfonts/cm/cmmi10.pfb></usr/share/texlive/texmf-dist/fo
nts/type1/public/amsfonts/cm/cmmi6.pfb></usr/share/texlive/texmf-dist/fonts/typ
e1/public/amsfonts/cm/cmmi8.pfb></usr/share/texlive/texmf-dist/fonts/type1/publ
ic/amsfonts/cm/cmr10.pfb></usr/share/texlive/texmf-dist/fonts/type1/public/amsf
onts/cm/cmr12.pfb></usr/share/texlive/texmf-dist/fonts/type1/public/amsfonts/cm
/cmr17.pfb></usr/share/texlive/texmf-dist/fonts/type1/public/amsfonts/cm/cmr8.p
fb></usr/share/texlive/texmf-dist/fonts/type1/public/amsfonts/cm/cmsy10.pfb></u
sr/share/texlive/texmf-dist/fonts/type1/public/amsfonts/cm/cmsy8.pfb>
Output written on pl.pdf (22 pages, 298973 bytes).
PDF statistics:
 184 PDF objects out of 1000 (max. 8388607)
 125 compressed objects within 2 object streams
 0 named destinations out of 1000 (max. 500000)
 41 words of extra memory for PDF output out of 10000 (max. 10000000)

